# JRE version: OpenJDK Runtime Environment (17.0.11) (build 17.0.11+0--11852314)
# Java VM: OpenJDK 64-Bit Server VM (17.0.11+0--11852314, mixed mode, tiered, compressed oops, compressed class ptrs, g1 gc, windows-amd64)
GC Precious Log:
 CPUs: 12 total, 12 available
 Memory: 16167M
 Large Page Support: Disabled
 NUMA Support: Disabled
 Compressed Oops: Enabled (Zero based)
 Heap Region Size: 2M
 Heap Min Capacity: 8M
 Heap Initial Capacity: 254M
 Heap Max Capacity: 4042M
 Pre-touch: Disabled
 Parallel Workers: 10
 Concurrent Workers: 3
 Concurrent Refinement Workers: 10
 Periodic GC: Disabled
Heap:
 garbage-first heap   total 34816K, used 13845K [0x0000000703600000, 0x0000000800000000)
  region size 2048K, 3 young (6144K), 1 survivors (2048K)
 Metaspace       used 46142K, committed 46528K, reserved 1114112K
  class space    used 5007K, committed 5184K, reserved 1048576K
GC Heap History (20 events):
Event: 1.051 GC heap before
{Heap before GC invocations=0 (full 0):
 garbage-first heap   total 260096K, used 20480K [0x0000000703600000, 0x0000000800000000)
  region size 2048K, 11 young (22528K), 0 survivors (0K)
 Metaspace       used 13613K, committed 13760K, reserved 1114112K
  class space    used 1198K, committed 1280K, reserved 1048576K
}
Event: 1.055 GC heap after
{Heap after GC invocations=1 (full 0):
 garbage-first heap   total 260096K, used 4340K [0x0000000703600000, 0x0000000800000000)
  region size 2048K, 2 young (4096K), 2 survivors (4096K)
 Metaspace       used 13613K, committed 13760K, reserved 1114112K
  class space    used 1198K, committed 1280K, reserved 1048576K
}
Event: 1.802 GC heap before
{Heap before GC invocations=1 (full 0):
 garbage-first heap   total 260096K, used 22772K [0x0000000703600000, 0x0000000800000000)
  region size 2048K, 13 young (26624K), 2 survivors (4096K)
 Metaspace       used 21322K, committed 21504K, reserved 1114112K
  class space    used 2088K, committed 2176K, reserved 1048576K
}
Event: 1.806 GC heap after
{Heap after GC invocations=2 (full 0):
 garbage-first heap   total 260096K, used 5560K [0x0000000703600000, 0x0000000800000000)
  region size 2048K, 1 young (2048K), 1 survivors (2048K)
 Metaspace       used 21322K, committed 21504K, reserved 1114112K
  class space    used 2088K, committed 2176K, reserved 1048576K
}
Event: 2.732 GC heap before
{Heap before GC invocations=3 (full 0):
 garbage-first heap   total 34816K, used 21944K [0x0000000703600000, 0x0000000800000000)
  region size 2048K, 10 young (20480K), 1 survivors (2048K)
 Metaspace       used 24005K, committed 24192K, reserved 1114112K
  class space    used 2385K, committed 2496K, reserved 1048576K
}
Event: 2.735 GC heap after
{Heap after GC invocations=4 (full 0):
 garbage-first heap   total 34816K, used 5904K [0x0000000703600000, 0x0000000800000000)
  region size 2048K, 1 young (2048K), 1 survivors (2048K)
 Metaspace       used 24005K, committed 24192K, reserved 1114112K
  class space    used 2385K, committed 2496K, reserved 1048576K
}
Event: 3.174 GC heap before
{Heap before GC invocations=4 (full 0):
 garbage-first heap   total 34816K, used 7952K [0x0000000703600000, 0x0000000800000000)
  region size 2048K, 2 young (4096K), 1 survivors (2048K)
 Metaspace       used 24640K, committed 24832K, reserved 1114112K
  class space    used 2475K, committed 2560K, reserved 1048576K
}
Event: 3.177 GC heap after
{Heap after GC invocations=5 (full 0):
 garbage-first heap   total 34816K, used 6004K [0x0000000703600000, 0x0000000800000000)
  region size 2048K, 1 young (2048K), 1 survivors (2048K)
 Metaspace       used 24640K, committed 24832K, reserved 1114112K
  class space    used 2475K, committed 2560K, reserved 1048576K
}
Event: 3.846 GC heap before
{Heap before GC invocations=5 (full 0):
 garbage-first heap   total 34816K, used 20340K [0x0000000703600000, 0x0000000800000000)
  region size 2048K, 9 young (18432K), 1 survivors (2048K)
 Metaspace       used 30146K, committed 30336K, reserved 1114112K
  class space    used 3116K, committed 3200K, reserved 1048576K
}
Event: 3.848 GC heap after
{Heap after GC invocations=6 (full 0):
 garbage-first heap   total 34816K, used 6973K [0x0000000703600000, 0x0000000800000000)
  region size 2048K, 1 young (2048K), 1 survivors (2048K)
 Metaspace       used 30146K, committed 30336K, reserved 1114112K
  class space    used 3116K, committed 3200K, reserved 1048576K
}
Event: 4.299 GC heap before
{Heap before GC invocations=6 (full 0):
 garbage-first heap   total 34816K, used 21309K [0x0000000703600000, 0x0000000800000000)
  region size 2048K, 9 young (18432K), 1 survivors (2048K)
 Metaspace       used 34116K, committed 34304K, reserved 1114112K
  class space    used 3574K, committed 3648K, reserved 1048576K
}
Event: 4.301 GC heap after
{Heap after GC invocations=7 (full 0):
 garbage-first heap   total 34816K, used 7686K [0x0000000703600000, 0x0000000800000000)
  region size 2048K, 2 young (4096K), 2 survivors (4096K)
 Metaspace       used 34116K, committed 34304K, reserved 1114112K
  class space    used 3574K, committed 3648K, reserved 1048576K
}
Event: 4.453 GC heap before
{Heap before GC invocations=7 (full 0):
 garbage-first heap   total 34816K, used 13830K [0x0000000703600000, 0x0000000800000000)
  region size 2048K, 6 young (12288K), 2 survivors (4096K)
 Metaspace       used 35772K, committed 35968K, reserved 1114112K
  class space    used 3788K, committed 3904K, reserved 1048576K
}
Event: 4.456 GC heap after
{Heap after GC invocations=8 (full 0):
 garbage-first heap   total 34816K, used 8253K [0x0000000703600000, 0x0000000800000000)
  region size 2048K, 2 young (4096K), 2 survivors (4096K)
 Metaspace       used 35772K, committed 35968K, reserved 1114112K
  class space    used 3788K, committed 3904K, reserved 1048576K
}
Event: 5.174 GC heap before
{Heap before GC invocations=9 (full 0):
 garbage-first heap   total 34816K, used 22589K [0x0000000703600000, 0x0000000800000000)
  region size 2048K, 9 young (18432K), 2 survivors (4096K)
 Metaspace       used 40420K, committed 40768K, reserved 1114112K
  class space    used 4346K, committed 4480K, reserved 1048576K
}
Event: 5.178 GC heap after
{Heap after GC invocations=10 (full 0):
 garbage-first heap   total 34816K, used 9855K [0x0000000703600000, 0x0000000800000000)
  region size 2048K, 2 young (4096K), 2 survivors (4096K)
 Metaspace       used 40420K, committed 40768K, reserved 1114112K
  class space    used 4346K, committed 4480K, reserved 1048576K
}
Event: 5.505 GC heap before
{Heap before GC invocations=10 (full 0):
 garbage-first heap   total 34816K, used 20095K [0x0000000703600000, 0x0000000800000000)
  region size 2048K, 8 young (16384K), 2 survivors (4096K)
 Metaspace       used 43331K, committed 43712K, reserved 1114112K
  class space    used 4638K, committed 4800K, reserved 1048576K
}
Event: 5.507 GC heap after
{Heap after GC invocations=11 (full 0):
 garbage-first heap   total 34816K, used 11333K [0x0000000703600000, 0x0000000800000000)
  region size 2048K, 1 young (2048K), 1 survivors (2048K)
 Metaspace       used 43331K, committed 43712K, reserved 1114112K
  class space    used 4638K, committed 4800K, reserved 1048576K
}
Event: 5.744 GC heap before
{Heap before GC invocations=11 (full 0):
 garbage-first heap   total 34816K, used 25669K [0x0000000703600000, 0x0000000800000000)
  region size 2048K, 7 young (14336K), 1 survivors (2048K)
 Metaspace       used 45608K, committed 46016K, reserved 1114112K
  class space    used 4936K, committed 5120K, reserved 1048576K
}
Event: 5.746 GC heap after
{Heap after GC invocations=12 (full 0):
 garbage-first heap   total 34816K, used 11797K [0x0000000703600000, 0x0000000800000000)
  region size 2048K, 1 young (2048K), 1 survivors (2048K)
 Metaspace       used 45608K, committed 46016K, reserved 1114112K
  class space    used 4936K, committed 5120K, reserved 1048576K
}

