# JRE version: OpenJDK Runtime Environment (17.0.11) (build 17.0.11+0--11852314)
# Java VM: OpenJDK 64-Bit Server VM (17.0.11+0--11852314, mixed mode, tiered, compressed oops, compressed class ptrs, g1 gc, windows-amd64)
GC Precious Log:
 CPUs: 12 total, 12 available
 Memory: 16167M
 Large Page Support: Disabled
 NUMA Support: Disabled
 Compressed Oops: Enabled (Zero based)
 Heap Region Size: 2M
 Heap Min Capacity: 8M
 Heap Initial Capacity: 254M
 Heap Max Capacity: 4042M
 Pre-touch: Disabled
 Parallel Workers: 10
 Concurrent Workers: 3
 Concurrent Refinement Workers: 10
 Periodic GC: Disabled
Heap:
 garbage-first heap   total 40960K, used 29446K [0x0000000703600000, 0x0000000800000000)
  region size 2048K, 9 young (18432K), 2 survivors (4096K)
 Metaspace       used 47117K, committed 47488K, reserved 1114112K
  class space    used 5085K, committed 5248K, reserved 1048576K
GC Heap History (18 events):
Event: 2.876 GC heap before
{Heap before GC invocations=0 (full 0):
 garbage-first heap   total 260096K, used 24576K [0x0000000703600000, 0x0000000800000000)
  region size 2048K, 11 young (22528K), 0 survivors (0K)
 Metaspace       used 13558K, committed 13696K, reserved 1114112K
  class space    used 1188K, committed 1280K, reserved 1048576K
}
Event: 2.880 GC heap after
{Heap after GC invocations=1 (full 0):
 garbage-first heap   total 260096K, used 7008K [0x0000000703600000, 0x0000000800000000)
  region size 2048K, 2 young (4096K), 2 survivors (4096K)
 Metaspace       used 13558K, committed 13696K, reserved 1114112K
  class space    used 1188K, committed 1280K, reserved 1048576K
}
Event: 4.757 GC heap before
{Heap before GC invocations=1 (full 0):
 garbage-first heap   total 260096K, used 27488K [0x0000000703600000, 0x0000000800000000)
  region size 2048K, 13 young (26624K), 2 survivors (4096K)
 Metaspace       used 21374K, committed 21504K, reserved 1114112K
  class space    used 2089K, committed 2176K, reserved 1048576K
}
Event: 4.763 GC heap after
{Heap after GC invocations=2 (full 0):
 garbage-first heap   total 260096K, used 8577K [0x0000000703600000, 0x0000000800000000)
  region size 2048K, 1 young (2048K), 1 survivors (2048K)
 Metaspace       used 21374K, committed 21504K, reserved 1114112K
  class space    used 2089K, committed 2176K, reserved 1048576K
}
Event: 7.287 GC heap before
{Heap before GC invocations=3 (full 0):
 garbage-first heap   total 40960K, used 27009K [0x0000000703600000, 0x0000000800000000)
  region size 2048K, 11 young (22528K), 1 survivors (2048K)
 Metaspace       used 24704K, committed 24896K, reserved 1114112K
  class space    used 2478K, committed 2560K, reserved 1048576K
}
Event: 7.290 GC heap after
{Heap after GC invocations=4 (full 0):
 garbage-first heap   total 40960K, used 8961K [0x0000000703600000, 0x0000000800000000)
  region size 2048K, 1 young (2048K), 1 survivors (2048K)
 Metaspace       used 24704K, committed 24896K, reserved 1114112K
  class space    used 2478K, committed 2560K, reserved 1048576K
}
Event: 7.418 GC heap before
{Heap before GC invocations=4 (full 0):
 garbage-first heap   total 40960K, used 11009K [0x0000000703600000, 0x0000000800000000)
  region size 2048K, 2 young (4096K), 1 survivors (2048K)
 Metaspace       used 25153K, committed 25344K, reserved 1114112K
  class space    used 2531K, committed 2624K, reserved 1048576K
}
Event: 7.421 GC heap after
{Heap after GC invocations=5 (full 0):
 garbage-first heap   total 40960K, used 8991K [0x0000000703600000, 0x0000000800000000)
  region size 2048K, 1 young (2048K), 1 survivors (2048K)
 Metaspace       used 25153K, committed 25344K, reserved 1114112K
  class space    used 2531K, committed 2624K, reserved 1048576K
}
Event: 9.137 GC heap before
{Heap before GC invocations=5 (full 0):
 garbage-first heap   total 40960K, used 23327K [0x0000000703600000, 0x0000000800000000)
  region size 2048K, 9 young (18432K), 1 survivors (2048K)
 Metaspace       used 30790K, committed 31040K, reserved 1114112K
  class space    used 3187K, committed 3264K, reserved 1048576K
}
Event: 9.140 GC heap after
{Heap after GC invocations=6 (full 0):
 garbage-first heap   total 40960K, used 10040K [0x0000000703600000, 0x0000000800000000)
  region size 2048K, 1 young (2048K), 1 survivors (2048K)
 Metaspace       used 30790K, committed 31040K, reserved 1114112K
  class space    used 3187K, committed 3264K, reserved 1048576K
}
Event: 10.605 GC heap before
{Heap before GC invocations=7 (full 0):
 garbage-first heap   total 40960K, used 24376K [0x0000000703600000, 0x0000000800000000)
  region size 2048K, 9 young (18432K), 1 survivors (2048K)
 Metaspace       used 34635K, committed 34816K, reserved 1114112K
  class space    used 3640K, committed 3712K, reserved 1048576K
}
Event: 10.608 GC heap after
{Heap after GC invocations=8 (full 0):
 garbage-first heap   total 40960K, used 10893K [0x0000000703600000, 0x0000000800000000)
  region size 2048K, 2 young (4096K), 2 survivors (4096K)
 Metaspace       used 34635K, committed 34816K, reserved 1114112K
  class space    used 3640K, committed 3712K, reserved 1048576K
}
Event: 12.599 GC heap before
{Heap before GC invocations=8 (full 0):
 garbage-first heap   total 40960K, used 27277K [0x0000000703600000, 0x0000000800000000)
  region size 2048K, 10 young (20480K), 2 survivors (4096K)
 Metaspace       used 40053K, committed 40384K, reserved 1114112K
  class space    used 4288K, committed 4480K, reserved 1048576K
}
Event: 12.603 GC heap after
{Heap after GC invocations=9 (full 0):
 garbage-first heap   total 40960K, used 12542K [0x0000000703600000, 0x0000000800000000)
  region size 2048K, 2 young (4096K), 2 survivors (4096K)
 Metaspace       used 40053K, committed 40384K, reserved 1114112K
  class space    used 4288K, committed 4480K, reserved 1048576K
}
Event: 14.373 GC heap before
{Heap before GC invocations=9 (full 0):
 garbage-first heap   total 40960K, used 28926K [0x0000000703600000, 0x0000000800000000)
  region size 2048K, 10 young (20480K), 2 survivors (4096K)
 Metaspace       used 43874K, committed 44224K, reserved 1114112K
  class space    used 4684K, committed 4864K, reserved 1048576K
}
Event: 14.378 GC heap after
{Heap after GC invocations=10 (full 0):
 garbage-first heap   total 40960K, used 14319K [0x0000000703600000, 0x0000000800000000)
  region size 2048K, 2 young (4096K), 2 survivors (4096K)
 Metaspace       used 43874K, committed 44224K, reserved 1114112K
  class space    used 4684K, committed 4864K, reserved 1048576K
}
Event: 14.944 GC heap before
{Heap before GC invocations=10 (full 0):
 garbage-first heap   total 40960K, used 28655K [0x0000000703600000, 0x0000000800000000)
  region size 2048K, 9 young (18432K), 2 survivors (4096K)
 Metaspace       used 46409K, committed 46784K, reserved 1114112K
  class space    used 5023K, committed 5184K, reserved 1048576K
}
Event: 14.947 GC heap after
{Heap after GC invocations=11 (full 0):
 garbage-first heap   total 40960K, used 15110K [0x0000000703600000, 0x0000000800000000)
  region size 2048K, 2 young (4096K), 2 survivors (4096K)
 Metaspace       used 46409K, committed 46784K, reserved 1114112K
  class space    used 5023K, committed 5184K, reserved 1048576K
}

