# JRE version: OpenJDK Runtime Environment (17.0.11) (build 17.0.11+0--11852314)
# Java VM: OpenJDK 64-Bit Server VM (17.0.11+0--11852314, mixed mode, tiered, compressed oops, compressed class ptrs, g1 gc, windows-amd64)
GC Precious Log:
 CPUs: 12 total, 12 available
 Memory: 16167M
 Large Page Support: Disabled
 NUMA Support: Disabled
 Compressed Oops: Enabled (Zero based)
 Heap Region Size: 2M
 Heap Min Capacity: 8M
 Heap Initial Capacity: 254M
 Heap Max Capacity: 4042M
 Pre-touch: Disabled
 Parallel Workers: 10
 Concurrent Workers: 3
 Concurrent Refinement Workers: 10
 Periodic GC: Disabled
Heap:
 garbage-first heap   total 40960K, used 25532K [0x0000000703600000, 0x0000000800000000)
  region size 2048K, 6 young (12288K), 2 survivors (4096K)
 Metaspace       used 46354K, committed 46720K, reserved 1114112K
  class space    used 5032K, committed 5184K, reserved 1048576K
GC Heap History (18 events):
Event: 2.942 GC heap before
{Heap before GC invocations=0 (full 0):
 garbage-first heap   total 260096K, used 24576K [0x0000000703600000, 0x0000000800000000)
  region size 2048K, 11 young (22528K), 0 survivors (0K)
 Metaspace       used 13563K, committed 13696K, reserved 1114112K
  class space    used 1188K, committed 1280K, reserved 1048576K
}
Event: 2.948 GC heap after
{Heap after GC invocations=1 (full 0):
 garbage-first heap   total 260096K, used 6953K [0x0000000703600000, 0x0000000800000000)
  region size 2048K, 2 young (4096K), 2 survivors (4096K)
 Metaspace       used 13563K, committed 13696K, reserved 1114112K
  class space    used 1188K, committed 1280K, reserved 1048576K
}
Event: 4.179 GC heap before
{Heap before GC invocations=1 (full 0):
 garbage-first heap   total 260096K, used 27433K [0x0000000703600000, 0x0000000800000000)
  region size 2048K, 13 young (26624K), 2 survivors (4096K)
 Metaspace       used 21371K, committed 21504K, reserved 1114112K
  class space    used 2089K, committed 2176K, reserved 1048576K
}
Event: 4.183 GC heap after
{Heap after GC invocations=2 (full 0):
 garbage-first heap   total 260096K, used 8345K [0x0000000703600000, 0x0000000800000000)
  region size 2048K, 1 young (2048K), 1 survivors (2048K)
 Metaspace       used 21371K, committed 21504K, reserved 1114112K
  class space    used 2089K, committed 2176K, reserved 1048576K
}
Event: 5.590 GC heap before
{Heap before GC invocations=3 (full 0):
 garbage-first heap   total 40960K, used 26777K [0x0000000703600000, 0x0000000800000000)
  region size 2048K, 11 young (22528K), 1 survivors (2048K)
 Metaspace       used 24707K, committed 24896K, reserved 1114112K
  class space    used 2479K, committed 2560K, reserved 1048576K
}
Event: 5.592 GC heap after
{Heap after GC invocations=4 (full 0):
 garbage-first heap   total 40960K, used 8698K [0x0000000703600000, 0x0000000800000000)
  region size 2048K, 1 young (2048K), 1 survivors (2048K)
 Metaspace       used 24707K, committed 24896K, reserved 1114112K
  class space    used 2479K, committed 2560K, reserved 1048576K
}
Event: 5.646 GC heap before
{Heap before GC invocations=4 (full 0):
 garbage-first heap   total 40960K, used 8698K [0x0000000703600000, 0x0000000800000000)
  region size 2048K, 2 young (4096K), 1 survivors (2048K)
 Metaspace       used 25144K, committed 25344K, reserved 1114112K
  class space    used 2531K, committed 2624K, reserved 1048576K
}
Event: 5.649 GC heap after
{Heap after GC invocations=5 (full 0):
 garbage-first heap   total 40960K, used 8813K [0x0000000703600000, 0x0000000800000000)
  region size 2048K, 1 young (2048K), 1 survivors (2048K)
 Metaspace       used 25144K, committed 25344K, reserved 1114112K
  class space    used 2531K, committed 2624K, reserved 1048576K
}
Event: 6.207 GC heap before
{Heap before GC invocations=5 (full 0):
 garbage-first heap   total 40960K, used 25197K [0x0000000703600000, 0x0000000800000000)
  region size 2048K, 9 young (18432K), 1 survivors (2048K)
 Metaspace       used 30720K, committed 30912K, reserved 1114112K
  class space    used 3185K, committed 3264K, reserved 1048576K
}
Event: 6.209 GC heap after
{Heap after GC invocations=6 (full 0):
 garbage-first heap   total 40960K, used 9812K [0x0000000703600000, 0x0000000800000000)
  region size 2048K, 1 young (2048K), 1 survivors (2048K)
 Metaspace       used 30720K, committed 30912K, reserved 1114112K
  class space    used 3185K, committed 3264K, reserved 1048576K
}
Event: 6.796 GC heap before
{Heap before GC invocations=6 (full 0):
 garbage-first heap   total 40960K, used 26196K [0x0000000703600000, 0x0000000800000000)
  region size 2048K, 10 young (20480K), 1 survivors (2048K)
 Metaspace       used 35085K, committed 35328K, reserved 1114112K
  class space    used 3698K, committed 3776K, reserved 1048576K
}
Event: 6.799 GC heap after
{Heap after GC invocations=7 (full 0):
 garbage-first heap   total 40960K, used 10774K [0x0000000703600000, 0x0000000800000000)
  region size 2048K, 2 young (4096K), 2 survivors (4096K)
 Metaspace       used 35085K, committed 35328K, reserved 1114112K
  class space    used 3698K, committed 3776K, reserved 1048576K
}
Event: 6.879 GC heap before
{Heap before GC invocations=7 (full 0):
 garbage-first heap   total 40960K, used 12822K [0x0000000703600000, 0x0000000800000000)
  region size 2048K, 4 young (8192K), 2 survivors (4096K)
 Metaspace       used 35778K, committed 35968K, reserved 1114112K
  class space    used 3789K, committed 3904K, reserved 1048576K
}
Event: 6.882 GC heap after
{Heap after GC invocations=8 (full 0):
 garbage-first heap   total 40960K, used 11013K [0x0000000703600000, 0x0000000800000000)
  region size 2048K, 1 young (2048K), 1 survivors (2048K)
 Metaspace       used 35778K, committed 35968K, reserved 1114112K
  class space    used 3789K, committed 3904K, reserved 1048576K
}
Event: 7.794 GC heap before
{Heap before GC invocations=9 (full 0):
 garbage-first heap   total 40960K, used 29445K [0x0000000703600000, 0x0000000800000000)
  region size 2048K, 10 young (20480K), 1 survivors (2048K)
 Metaspace       used 41486K, committed 41792K, reserved 1114112K
  class space    used 4460K, committed 4608K, reserved 1048576K
}
Event: 7.798 GC heap after
{Heap after GC invocations=10 (full 0):
 garbage-first heap   total 40960K, used 12570K [0x0000000703600000, 0x0000000800000000)
  region size 2048K, 2 young (4096K), 2 survivors (4096K)
 Metaspace       used 41486K, committed 41792K, reserved 1114112K
  class space    used 4460K, committed 4608K, reserved 1048576K
}
Event: 9.312 GC heap before
{Heap before GC invocations=10 (full 0):
 garbage-first heap   total 40960K, used 28954K [0x0000000703600000, 0x0000000800000000)
  region size 2048K, 10 young (20480K), 2 survivors (4096K)
 Metaspace       used 45225K, committed 45632K, reserved 1114112K
  class space    used 4879K, committed 5056K, reserved 1048576K
}
Event: 9.317 GC heap after
{Heap after GC invocations=11 (full 0):
 garbage-first heap   total 40960K, used 19388K [0x0000000703600000, 0x0000000800000000)
  region size 2048K, 2 young (4096K), 2 survivors (4096K)
 Metaspace       used 45225K, committed 45632K, reserved 1114112K
  class space    used 4879K, committed 5056K, reserved 1048576K
}

