# JRE version: OpenJDK Runtime Environment (17.0.11) (build 17.0.11+0--11852314)
# Java VM: OpenJDK 64-Bit Server VM (17.0.11+0--11852314, mixed mode, tiered, compressed oops, compressed class ptrs, g1 gc, windows-amd64)
GC Precious Log:
 CPUs: 12 total, 12 available
 Memory: 16167M
 Large Page Support: Disabled
 NUMA Support: Disabled
 Compressed Oops: Enabled (Zero based)
 Heap Region Size: 2M
 Heap Min Capacity: 8M
 Heap Initial Capacity: 254M
 Heap Max Capacity: 4042M
 Pre-touch: Disabled
 Parallel Workers: 10
 Concurrent Workers: 3
 Concurrent Refinement Workers: 10
 Periodic GC: Disabled
Heap:
 garbage-first heap   total 28672K, used 17587K [0x0000000703600000, 0x0000000800000000)
  region size 2048K, 6 young (12288K), 1 survivors (2048K)
 Metaspace       used 36895K, committed 37248K, reserved 1114112K
  class space    used 3741K, committed 3904K, reserved 1048576K
GC Heap History (17 events):
Event: 10.472 GC heap before
{Heap before GC invocations=0 (full 0):
 garbage-first heap   total 260096K, used 20480K [0x0000000703600000, 0x0000000800000000)
  region size 2048K, 11 young (22528K), 0 survivors (0K)
 Metaspace       used 13594K, committed 13696K, reserved 1114112K
  class space    used 1172K, committed 1216K, reserved 1048576K
}
Event: 10.501 GC heap after
{Heap after GC invocations=1 (full 0):
 garbage-first heap   total 260096K, used 3331K [0x0000000703600000, 0x0000000800000000)
  region size 2048K, 2 young (4096K), 2 survivors (4096K)
 Metaspace       used 13594K, committed 13696K, reserved 1114112K
  class space    used 1172K, committed 1216K, reserved 1048576K
}
Event: 15.066 GC heap before
{Heap before GC invocations=1 (full 0):
 garbage-first heap   total 260096K, used 21763K [0x0000000703600000, 0x0000000800000000)
  region size 2048K, 12 young (24576K), 2 survivors (4096K)
 Metaspace       used 21352K, committed 21504K, reserved 1114112K
  class space    used 2104K, committed 2176K, reserved 1048576K
}
Event: 15.071 GC heap after
{Heap after GC invocations=2 (full 0):
 garbage-first heap   total 260096K, used 4511K [0x0000000703600000, 0x0000000800000000)
  region size 2048K, 1 young (2048K), 1 survivors (2048K)
 Metaspace       used 21352K, committed 21504K, reserved 1114112K
  class space    used 2104K, committed 2176K, reserved 1048576K
}
Event: 31.401 GC heap before
{Heap before GC invocations=3 (full 0):
 garbage-first heap   total 28672K, used 18847K [0x0000000703600000, 0x0000000800000000)
  region size 2048K, 8 young (16384K), 1 survivors (2048K)
 Metaspace       used 22869K, committed 23040K, reserved 1114112K
  class space    used 2259K, committed 2368K, reserved 1048576K
}
Event: 31.404 GC heap after
{Heap after GC invocations=4 (full 0):
 garbage-first heap   total 28672K, used 4862K [0x0000000703600000, 0x0000000800000000)
  region size 2048K, 1 young (2048K), 1 survivors (2048K)
 Metaspace       used 22869K, committed 23040K, reserved 1114112K
  class space    used 2259K, committed 2368K, reserved 1048576K
}
Event: 32.198 GC heap before
{Heap before GC invocations=4 (full 0):
 garbage-first heap   total 28672K, used 6910K [0x0000000703600000, 0x0000000800000000)
  region size 2048K, 2 young (4096K), 1 survivors (2048K)
 Metaspace       used 23354K, committed 23552K, reserved 1114112K
  class space    used 2331K, committed 2432K, reserved 1048576K
}
Event: 32.201 GC heap after
{Heap after GC invocations=5 (full 0):
 garbage-first heap   total 28672K, used 4920K [0x0000000703600000, 0x0000000800000000)
  region size 2048K, 1 young (2048K), 1 survivors (2048K)
 Metaspace       used 23354K, committed 23552K, reserved 1114112K
  class space    used 2331K, committed 2432K, reserved 1048576K
}
Event: 53.814 GC heap before
{Heap before GC invocations=5 (full 0):
 garbage-first heap   total 28672K, used 17208K [0x0000000703600000, 0x0000000800000000)
  region size 2048K, 7 young (14336K), 1 survivors (2048K)
 Metaspace       used 27636K, committed 27840K, reserved 1114112K
  class space    used 2798K, committed 2880K, reserved 1048576K
}
Event: 53.816 GC heap after
{Heap after GC invocations=6 (full 0):
 garbage-first heap   total 28672K, used 5444K [0x0000000703600000, 0x0000000800000000)
  region size 2048K, 1 young (2048K), 1 survivors (2048K)
 Metaspace       used 27636K, committed 27840K, reserved 1114112K
  class space    used 2798K, committed 2880K, reserved 1048576K
}
Event: 142.386 GC heap before
{Heap before GC invocations=6 (full 0):
 garbage-first heap   total 28672K, used 17732K [0x0000000703600000, 0x0000000800000000)
  region size 2048K, 7 young (14336K), 1 survivors (2048K)
 Metaspace       used 29192K, committed 29440K, reserved 1114112K
  class space    used 2899K, committed 3008K, reserved 1048576K
}
Event: 142.388 GC heap after
{Heap after GC invocations=7 (full 0):
 garbage-first heap   total 28672K, used 6251K [0x0000000703600000, 0x0000000800000000)
  region size 2048K, 1 young (2048K), 1 survivors (2048K)
 Metaspace       used 29192K, committed 29440K, reserved 1114112K
  class space    used 2899K, committed 3008K, reserved 1048576K
}
Event: 195.642 GC heap before
{Heap before GC invocations=7 (full 0):
 garbage-first heap   total 28672K, used 18539K [0x0000000703600000, 0x0000000800000000)
  region size 2048K, 7 young (14336K), 1 survivors (2048K)
 Metaspace       used 31788K, committed 32064K, reserved 1114112K
  class space    used 3202K, committed 3328K, reserved 1048576K
}
Event: 195.645 GC heap after
{Heap after GC invocations=8 (full 0):
 garbage-first heap   total 28672K, used 6766K [0x0000000703600000, 0x0000000800000000)
  region size 2048K, 1 young (2048K), 1 survivors (2048K)
 Metaspace       used 31788K, committed 32064K, reserved 1114112K
  class space    used 3202K, committed 3328K, reserved 1048576K
}
Event: 205.046 GC heap before
{Heap before GC invocations=8 (full 0):
 garbage-first heap   total 28672K, used 17006K [0x0000000703600000, 0x0000000800000000)
  region size 2048K, 7 young (14336K), 1 survivors (2048K)
 Metaspace       used 35814K, committed 36096K, reserved 1114112K
  class space    used 3673K, committed 3840K, reserved 1048576K
}
Event: 205.128 GC heap after
{Heap after GC invocations=9 (full 0):
 garbage-first heap   total 28672K, used 7347K [0x0000000703600000, 0x0000000800000000)
  region size 2048K, 1 young (2048K), 1 survivors (2048K)
 Metaspace       used 35814K, committed 36096K, reserved 1114112K
  class space    used 3673K, committed 3840K, reserved 1048576K
}
Event: 218.854 GC heap before
{Heap before GC invocations=10 (full 0):
 garbage-first heap   total 28672K, used 17587K [0x0000000703600000, 0x0000000800000000)
  region size 2048K, 6 young (12288K), 1 survivors (2048K)
 Metaspace       used 36895K, committed 37248K, reserved 1114112K
  class space    used 3741K, committed 3904K, reserved 1048576K
}

